2025-11-11T14:52:12.790Z [GET] / 200 6ms - ::1
2025-11-11T14:52:12.869Z [GET] /favicon.ico 404 1ms - ::1
2025-11-11T14:52:55.298Z [POST] /api/admin/login 200 159ms - ::1
2025-11-11T14:53:00.044Z [GET] /api/admin/getallfaculty 304 40ms - ::1
2025-11-11T14:53:00.077Z [GET] /api/admin/getallfaculty 304 29ms - ::1
2025-11-11T14:53:02.630Z [GET] /api/admin/getallfaculty 304 34ms - ::1
2025-11-11T14:53:02.664Z [GET] /api/admin/getallfaculty 304 29ms - ::1
2025-11-11T14:53:12.064Z [POST] /api/admin/login 200 163ms - ::1
2025-11-11T14:55:17.248Z [GET] /api/admin/getallfaculty 304 31ms - ::1
2025-11-11T14:55:17.280Z [GET] /api/admin/getallfaculty 304 29ms - ::1
2025-11-11T14:56:17.657Z [GET] /api/admin/getalldepartment 200 36ms - ::1
2025-11-11T14:56:17.688Z [GET] /api/admin/getalldepartment 304 27ms - ::1
2025-11-11T14:56:20.764Z [GET] /api/admin/getallsubject 304 34ms - ::1
2025-11-11T14:56:20.796Z [GET] /api/admin/getallsubject 304 28ms - ::1
2025-11-11T14:56:21.785Z [GET] /api/admin/getalldepartment 304 29ms - ::1
2025-11-11T14:56:21.817Z [GET] /api/admin/getalldepartment 304 29ms - ::1
2025-11-11T14:56:22.487Z [GET] /api/admin/getallsubject 304 26ms - ::1
2025-11-11T14:56:22.518Z [GET] /api/admin/getallsubject 304 27ms - ::1
2025-11-11T14:56:24.901Z [GET] /api/admin/subjects 404 1ms - ::1
2025-11-11T14:56:24.905Z [GET] /api/admin/subjects 404 1ms - ::1
2025-11-11T14:56:29.441Z [GET] /api/admin/getallsubject 304 33ms - ::1
2025-11-11T14:56:29.473Z [GET] /api/admin/getallsubject 304 27ms - ::1
2025-11-11T14:56:30.068Z [GET] /api/admin/getalldepartment 304 33ms - ::1
2025-11-11T14:56:30.098Z [GET] /api/admin/getalldepartment 304 26ms - ::1
2025-11-11T14:56:45.645Z [GET] /api/admin/getallsubject 304 32ms - ::1
2025-11-11T14:56:45.675Z [GET] /api/admin/getallsubject 304 27ms - ::1
2025-11-11T14:56:48.971Z [GET] /api/admin/getallsubject 304 32ms - ::1
2025-11-11T14:56:49.001Z [GET] /api/admin/getallsubject 304 27ms - ::1
2025-11-11T14:57:25.146Z [GET] /api/admin/getallfaculty 304 33ms - ::1
2025-11-11T14:57:25.177Z [GET] /api/admin/getallfaculty 304 27ms - ::1
2025-11-11T14:57:26.418Z [GET] /api/admin/getalldepartment 304 29ms - ::1
2025-11-11T14:57:26.464Z [GET] /api/admin/getalldepartment 304 43ms - ::1
2025-11-11T14:57:27.008Z [GET] /api/admin/getallfaculty 304 32ms - ::1
2025-11-11T14:57:27.039Z [GET] /api/admin/getallfaculty 304 27ms - ::1
2025-11-11T14:57:28.727Z [GET] /api/admin/getallfaculty 304 33ms - ::1
2025-11-11T14:57:28.758Z [GET] /api/admin/getallfaculty 304 28ms - ::1
2025-11-11T14:57:29.849Z [GET] /api/admin/getalldepartment 304 33ms - ::1
2025-11-11T14:57:29.879Z [GET] /api/admin/getalldepartment 304 27ms - ::1
2025-11-11T14:57:30.946Z [GET] /api/admin/getallfaculty 304 35ms - ::1
2025-11-11T14:57:30.979Z [GET] /api/admin/getallfaculty 304 28ms - ::1
2025-11-11T14:57:32.345Z [GET] /api/admin/getallsubject 304 33ms - ::1
2025-11-11T14:57:32.377Z [GET] /api/admin/getallsubject 304 28ms - ::1
2025-11-11T14:57:34.024Z [GET] /api/admin/subjects 404 1ms - ::1
2025-11-11T14:57:34.028Z [GET] /api/admin/subjects 404 0ms - ::1
2025-11-11T14:57:35.428Z [GET] /api/admin/getallsubject 304 30ms - ::1
2025-11-11T14:57:35.460Z [GET] /api/admin/getallsubject 304 28ms - ::1
2025-11-11T14:57:35.883Z [GET] /api/admin/getalldepartment 304 33ms - ::1
2025-11-11T14:57:35.914Z [GET] /api/admin/getalldepartment 304 27ms - ::1
2025-11-11T14:57:36.369Z [GET] /api/admin/getallsubject 304 29ms - ::1
2025-11-11T14:57:36.400Z [GET] /api/admin/getallsubject 304 28ms - ::1
2025-11-11T15:02:07.800Z [GET] /api/admin/getallsubject 304 25ms - ::1
2025-11-11T15:02:07.827Z [GET] /api/admin/getallsubject 304 25ms - ::1
2025-11-11T15:29:13.877Z [GET] /api/admin/getallsubject 304 386ms - ::1
2025-11-11T15:29:13.909Z [GET] /api/admin/getallsubject 304 27ms - ::1
2025-11-11T17:17:02.346Z [GET] /main.e05327b51451dd6c5aa3.hot-update.json 404 2ms - ::1
2025-11-11T17:23:27.281Z [POST] /api/admin/login 200 176ms - ::1
2025-11-11T17:23:27.378Z [GET] /api/admin/getalladmin 200 30ms - ::1
2025-11-11T17:23:27.382Z [GET] /api/admin/getallstudent 200 37ms - ::1
2025-11-11T17:23:27.383Z [GET] /api/admin/getallfaculty 200 35ms - ::1
2025-11-11T17:23:27.384Z [POST] /api/admin/getnotice 404 34ms - ::1
2025-11-11T17:23:27.385Z [GET] /api/admin/getalldepartment 200 36ms - ::1
2025-11-11T17:23:42.895Z [GET] /api/admin/getallstudent 304 31ms - ::1
2025-11-11T17:23:42.896Z [POST] /api/admin/getnotice 404 34ms - ::1
2025-11-11T17:23:42.897Z [GET] /api/admin/getalladmin 304 30ms - ::1
2025-11-11T17:23:42.898Z [GET] /api/admin/getallfaculty 304 33ms - ::1
2025-11-11T17:23:42.898Z [GET] /api/admin/getalldepartment 304 30ms - ::1
2025-11-11T17:23:45.685Z [GET] /api/admin/getalldepartment 304 33ms - ::1
2025-11-11T17:23:45.715Z [GET] /api/admin/getalldepartment 304 29ms - ::1
2025-11-11T17:23:49.741Z [GET] /api/admin/getalldepartment 304 40ms - ::1
2025-11-11T17:23:51.736Z [GET] /api/admin/getalldepartment 304 32ms - ::1
2025-11-11T17:23:52.430Z [GET] /api/admin/getalldepartment 304 33ms - ::1
2025-11-11T17:23:55.389Z [POST] /api/admin/getnotice 404 34ms - ::1
2025-11-11T17:23:55.391Z [GET] /api/admin/getallfaculty 304 33ms - ::1
2025-11-11T17:23:55.391Z [GET] /api/admin/getalldepartment 304 31ms - ::1
2025-11-11T17:23:55.392Z [GET] /api/admin/getalladmin 304 33ms - ::1
2025-11-11T17:23:55.393Z [GET] /api/admin/getallstudent 304 36ms - ::1
2025-11-11T17:24:05.927Z [POST] /api/admin/getnotice 404 29ms - ::1
2025-11-11T17:24:05.928Z [GET] /api/admin/getallfaculty 304 33ms - ::1
2025-11-11T17:24:05.929Z [GET] /api/admin/getalldepartment 304 32ms - ::1
2025-11-11T17:24:05.931Z [GET] /api/admin/getallstudent 304 38ms - ::1
2025-11-11T17:24:05.932Z [GET] /api/admin/getalladmin 304 36ms - ::1
2025-11-11T17:24:07.071Z [GET] /api/admin/getalldepartment 304 28ms - ::1
2025-11-11T17:24:07.073Z [POST] /api/admin/getnotice 404 30ms - ::1
2025-11-11T17:24:07.073Z [GET] /api/admin/getalladmin 304 31ms - ::1
2025-11-11T17:24:07.074Z [GET] /api/admin/getallstudent 304 33ms - ::1
2025-11-11T17:24:07.075Z [GET] /api/admin/getallfaculty 304 33ms - ::1
2025-11-11T17:24:08.203Z [POST] /api/admin/getnotice 404 29ms - ::1
2025-11-11T17:24:08.205Z [GET] /api/admin/getallfaculty 304 34ms - ::1
2025-11-11T17:24:08.205Z [GET] /api/admin/getalladmin 304 33ms - ::1
2025-11-11T17:24:08.206Z [GET] /api/admin/getalldepartment 304 33ms - ::1
2025-11-11T17:24:08.207Z [GET] /api/admin/getallstudent 304 37ms - ::1
2025-11-11T17:24:09.443Z [GET] /api/admin/getalldepartment 304 31ms - ::1
2025-11-11T17:24:09.444Z [GET] /api/admin/getallstudent 304 35ms - ::1
2025-11-11T17:24:09.444Z [GET] /api/admin/getalladmin 304 33ms - ::1
2025-11-11T17:24:09.445Z [GET] /api/admin/getallfaculty 304 35ms - ::1
2025-11-11T17:24:09.445Z [POST] /api/admin/getnotice 404 31ms - ::1
2025-11-11T17:24:10.711Z [GET] /api/admin/getallstudent 304 39ms - ::1
2025-11-11T17:24:10.712Z [GET] /api/admin/getallfaculty 304 34ms - ::1
2025-11-11T17:24:10.712Z [POST] /api/admin/getnotice 404 33ms - ::1
2025-11-11T17:24:10.713Z [GET] /api/admin/getalladmin 304 31ms - ::1
2025-11-11T17:24:10.714Z [GET] /api/admin/getalldepartment 304 31ms - ::1
2025-11-11T17:24:11.909Z [GET] /api/admin/getalldepartment 304 31ms - ::1
2025-11-11T17:24:11.910Z [POST] /api/admin/getnotice 404 36ms - ::1
2025-11-11T17:24:11.910Z [GET] /api/admin/getalladmin 304 33ms - ::1
2025-11-11T17:24:11.911Z [GET] /api/admin/getallstudent 304 36ms - ::1
2025-11-11T17:24:11.922Z [GET] /api/admin/getallfaculty 304 46ms - ::1
2025-11-11T17:24:13.160Z [GET] /api/admin/getallstudent 304 36ms - ::1
2025-11-11T17:24:13.160Z [POST] /api/admin/getnotice 404 33ms - ::1
2025-11-11T17:24:13.161Z [GET] /api/admin/getallfaculty 304 30ms - ::1
2025-11-11T17:24:13.162Z [GET] /api/admin/getalladmin 304 29ms - ::1
2025-11-11T17:24:13.163Z [GET] /api/admin/getalldepartment 304 28ms - ::1
2025-11-11T17:24:15.189Z [GET] /api/admin/getallstudent 304 34ms - ::1
2025-11-11T17:24:15.190Z [GET] /api/admin/getallfaculty 304 34ms - ::1
2025-11-11T17:24:15.191Z [GET] /api/admin/getalldepartment 304 32ms - ::1
2025-11-11T17:24:15.191Z [GET] /api/admin/getalladmin 304 34ms - ::1
2025-11-11T17:24:15.192Z [POST] /api/admin/getnotice 404 34ms - ::1
2025-11-11T17:24:16.915Z [GET] /api/admin/getallstudent 304 29ms - ::1
2025-11-11T17:24:16.916Z [GET] /api/admin/getallfaculty 304 29ms - ::1
2025-11-11T17:24:16.917Z [GET] /api/admin/getalladmin 304 28ms - ::1
